 
 **************************************************
 * 15:00 *   XXXXX  XXXX   X  X   X  XXXXX  XXX   *
 * 2007 *   X      X   X  X  X X  X  X   X  X  X  *
 * Jun *   XXXXX  XXXXX  X  X   X X  X   X  XXX   *
 * 25 *       X  X      X  X     XX  X   X  X  X  *
 *   *   XXXXX  X      X  X       X  XXXXX  X   X *
 **************************************************
 
 STARTED AT:20230904161648.472
 
 ENVIRONMENT SETTINGS:
 INV_MODCON = 
 STO_ATMOL  = 
 STO_ATMOS  = 
 
 VERSIONS:
 Atomar,moleclar data= v2000.2 
 Input files         = v2001.5   
 
 GLOBAL PARAMETERS:
 ---Types----
 DP,SP,I4B,LGT   =    8    4    4    4
 ---Stopro---
 NTWL, NBL       =   -1   -1
 NDPTH           =   -1
 ---Invert---
 NWLD, NSPD      =   -1   -1
 NCFTQ, NCFIT    =    2    4
 NATMAX          =   10
 NDIMRF          =   20
 ICMAX, NUMCPL   =  100   -1
 NTMU            =   15
 >>
 NBIGRF          =  401
 
 
 READING PARAMETER INPUT FILE...inv.inp   
 >
 > ITER     CHISQ      REDCHI
 >    2    0.2647E+07   4487.
 >
 >  'BEGIN'
 >#inp
 >  'AMINP'     'atom_Fe6173_2.dat' #atomic data file, laboratory wavelength
 >  'OBINP'     '-'                #profiles to be fitted
 >  'WLBND'     'N'                #wl-range in sep. file Y/N
 >  'FITIC'     'N'                #fit continuum
 >
   'INORM'     'NONE'             #cont.norm. ('HSRA':Borrero(Nov08),'1':Unity,'
 NONE':no normalization)
 >#preprocessing
 >  'ICCOR'       1.0000           #continuum correction
 >  'SCLSV'       0.0000           #change sign of V (ZIMPOL)
 >  'ROTQU'       0.0000           #rotate Q-U (ZIMPOL)
 >  'PPROC'     'N'                #call special preproc. routines
 >  'WTFAM'     'N'                #wavelet transformation
 >  'WTNCO'     0                  #number of coeff for wavelet trafo
 >  'WTTHR'     'S'                #threshold for wavelet trafo
 >#form
 >
   'SFORM'     'S'                #O=OldFTS,N=NewFTS,I=IRFTS,S=STO,E=ESO,T=TIP,X
 =IMaX
 >#out
 >  'COOUT'     'N'                #detailed log-file: 'Y'/'N'
 >  'OBOUT'     'out_rf.dat'       #profiles being fitted
 >  'BFOUT'     'bfit_rf.dat'      #best fit stokes profiles
 >  'PAOUT'     'finp_rf.dat'      #best fit parameters
 >  'EROUT'     'err_rf.dat'       #estimated error in fitted parameters
 >  'FAANS'     'N'                #write ('Y'/'N') final atmosphere
 >  'FANAM'     'atmos_rf'         #filename for final atmosphere
 >  'TAANS'     'N'                #write ('A'/'Y'/'N') atmos test out
 >  'TANAM'     'atm_rf.dat'       #filename for atmos test out
 >  'DYANS'     'N'                #write ('A'/'F'/'N') dyda test out
 >  'DYNAM'     'dyda_rf.dat'      #filename for dyda test out
 >#core
 >  'RTESO'     'H'                #RTE-solver: [D]ELO, [H]ermitian
 >  'RFANS'     'N'                #RF-TEST: All derivatives calc. without RFs
 >
   'LMSVD'     'F'                #SVD method ('F':Marquardt,'G':Goulub&Reinsch)
 >
   'LMSCL'     'S'                #SVD scaling ('1':none,'S':Marq.,'R':RuizCobo)
 >#fit: ittot=-1 <=> STOPRO MODE
 >  'ITTOT'     -1                 #last iteration number
 >  'IT1ST'      1                 #first last iteration number
 >  'EMODE'      1                 #DO NOT CHANGE
 >  'AL1ST'      0.10000           #DO NOT CHANGE
 >  'ALINC'      10.000            #DO NOT CHANGE
 >  'ALDEC'      0.10000           #DO NOT CHANGE
 >  'RFGRD'      0                 #number of iter for rfgrid update
 >  'WTREG'      20.000            #weight for regularization (0.0=off)
 >  'CHMIN'      5.0000            #min. regularizatuion (>=1.0)
 >  'SISPL'      5.0000            #tension factor for spline interpolation
 >  'EPSVD'      0.10000E-04       #singular value threshold value for SVD
 >  'CONFL'      0.68300           #confidence level
 >  'KRANS'      '5'               #determine kappa_c ('5':5000,'R':Rosseland)
 >  'DLGRP'      10.000            #delta WL for use of same kappa_c
 >  'BISEC'      0.0000            #cut-off for chord-levels (0=off)
 >#type of model
 >  'MODEL'     'B'                #type of model
 >  'RTYPE'     '1'                #type of model atmosphere = '1'|'2'|'S'|'3'
 >#stokes profiles to be fitted
 >  'STOKE'     'IQUV'             #type of Stokes spectra
 >#postprocessing
 >  'MIRRO'     'N'                #mirror
 >
 # 'FNMAC'     'V'                #macro-trb broad V=Vgt,E=Exp,T=rad-Tang,S=Sinc
 >
   'FNINS'     'V'                #instr. broad. V=Vgt,E=Exp,T=rad-Tang,S=Sinc,F
 =File
 >
 # 'FNINS'     'F'                #instr. broad. V=Vgt,E=Exp,T=rad-Tang,S=Sinc,F
 =File
 >  'IPROF'     'phi_profile.dat'  #filename with tabulated transmission profile
 >#multi-ray/flux-tube  models
 >  'TGEOM'     'C'                #flux tube geometry = 'C'|'S'
 >  'NRAYS'     1                  #number of rays
 >  'NPLAN'     1                  #number of rays along which the RTE is solved
 >  'IRTST'     0                  #test mode for 3D ray code
 >  'IPTST'     0                  #test mode for 3D ray code
 >#disk integration
 >  'NUMMU'     1                  #number of diff. mu-values for disk integr.
 >#component, atmospheres
 >  'NCOMP'     1                  #number of components
 >  'NUMAT'     1                  #list of numbers of model atmospheres
 >  'ATNAM'     'MURaM:200000:'    # 'new' MURaM snapshot
 >#-----------------------------------------------------------------------------
 >  'PART2'
 
 PART 1 of 2 read.
 
 READING ATOMIC DATA FROM atom_Fe6173_2.dat
 
 READING PART 2...
 >  'LTTOP'      -6.0000       0.00       0.00    0     1     0
 >  'LTINC'       0.10       0.00       0.00    0     1     0
 >  'KCWLR'    5000.0000       0.00       0.00    0     0     0
 
 PARINP: PART 2 of 2 READ.
         NUMBER OF PARAMS:           3
 
 
 READING MURaM MHD SNAPSHOT 200000 FROM DISK
 NX=         288 NY=         288 NDPTS=         100
 Total size:   6.0000000E+08 x  6.0000000E+08 x  1.4000000E+08 cm
 Grid size:    20.83333     x   20.83333     x   14.14141     km
 
 INITIALIZING OPACITY PACKGE
     INJON    CPU=   0.000 S
     INABS    CPU=   0.003 S
     INLIN    CPU=   0.000 S
 OPINIT DONE.
 
 TE=5600(THETA=0.9), LOG(PE)=1.0
 ---------------------------------
 KAPPA_5000=  0.190668038563637     
 Refining logtau grid, TLGRID=  0.0500
  TMGRID=100.0000
 NEW NUMBER ACCORDING TO TLGRID/TMGRID UPDATE :         215
 CLOSING OPACITY PACKAGE...
 DONE.
 TAU=1:           99         100 H0=   87584081.4149418     
 
 PARSING PARAMETERS (CONSISTENCY CHECKS)...
 
 ACCESS:
 -MA          =    3
 -MFITRF      =    0
 -MFITMAX     =    0
 
 DONE.
 
 
 NO. OF COMPONENTS:  1
 
 FITTYP="B", MODEL WITH CONSTANT OR LINEAR B
 
 INPUT ATMOSPHERE(S), FOR  COMPONENT  1  :  MURaM:200000:
 
 STOKES PROFILES TO BE FITTED :  IQUV 
 CALCULATED PROFILES MIRRORED?:  N
 
 TYPE OF MACROTURBULENCE PROFILE: V
 TYPE OF INSTRUMENTAL PROFILE   : V
 
 NMU=  1, NRAYS=  1, NPLANES=  1
 
   I      APARS      CPARS ICOMP LINNO IFITA IFULL
 ==================================================
   1    -6.00000      LTTOP   1     0     0     0
   2    0.100000      LTINC   1     0     0     0
   3     5000.00      KCWLR   0     0     0     0
 
 
   I  CPARS ICOMP NDEPRF LISTRF/(ICOUPRF)
 =========================================
 
 
 ICCREF:   1
 ICCSUR:   0
 ICCVEL:   0
 
 ========================================================
 
 NOOBSINP (STOPRO MODE):
 - wavelength grid and boundaries
   taken from atomic/molecular data file
 
 REAL, CPU TIME USED [s]:    0.00   47.19
 AVG LOAD, %SYS TIME [%]:Infinity    0.00
 
 TERMINATED NORMALLY AT:20230904161738.222
 
